<?xml version="1.0" encoding="UTF-8" ?>
<testsuite errors="0" failures="0" hostname="MacBook-Air-de-GoodLvck.local" name="com.proyectospots.UsuarioSpec" tests="1" time="2.655" timestamp="2022-06-15T18:24:58">
  <properties />
  <testcase classname="com.proyectospots.UsuarioSpec" name="test toString" time="2.576" />
  <system-out><![CDATA[--Output from test toString--
]]></system-out>
  <system-err><![CDATA[--Output from test toString--
]]></system-err>
</testsuite>
